


          SolidWorks Corporation - STEP Processor Error Log
          ______________________________________________________

                       STEP Post Processor
                       ___________________


STEP File Name: C:\Users\mico\Documents\BDR\FSAE 2015\Electrical\emrax_207\EMRAX_207.stp


Surfaces successfully processed into a solid body.
STEP-in completed.Reversing curve, low: 0, high: 0
Bad Curve, low: -6.63845e-006, high: -6.63845e-006
Reversing curve, low: 16.5751, high: 16.5751
Bad Curve, low: -16.5751, high: -16.5751
Reversing curve, low: 0, high: 0
Bad Curve, low: -6.63845e-006, high: -6.63845e-006
Reversing curve, low: 16.5751, high: 16.5751
Bad Curve, low: -16.5751, high: -16.5751
Reversing curve, low: 0, high: 0
Bad Curve, low: -6.63975e-006, high: -6.63975e-006
Reversing curve, low: 16.5751, high: 16.5751
Bad Curve, low: -16.5751, high: -16.5751
Reversing curve, low: 0, high: 0
Bad Curve, low: -6.63975e-006, high: -6.63975e-006
Reversing curve, low: 16.5751, high: 16.5751
Bad Curve, low: -16.5751, high: -16.5751
Reversing curve, low: 0, high: 0
Bad Curve, low: -6.63975e-006, high: -6.63975e-006
Reversing curve, low: 0, high: 0
Bad Curve, low: -6.63975e-006, high: -6.63975e-006
Reversing curve, low: 16.5751, high: 16.5751
Bad Curve, low: -16.5751, high: -16.5751
Reversing curve, low: 0, high: 0
Bad Curve, low: -6.63975e-006, high: -6.63975e-006
Reversing curve, low: 16.5751, high: 16.5751
Bad Curve, low: -16.5751, high: -16.5751
Reversing curve, low: 0, high: 0
Bad Curve, low: -6.63845e-006, high: -6.63845e-006
Reversing curve, low: 0, high: 0
Bad Curve, low: -6.63845e-006, high: -6.63845e-006
Reversing curve, low: 16.5751, high: 16.5751
Bad Curve, low: -16.5751, high: -16.5751
Reversing curve, low: 0, high: 0
Bad Curve, low: -6.63845e-006, high: -6.63845e-006
Reversing curve, low: 16.5751, high: 16.5751
Bad Curve, low: -16.5751, high: -16.5751
Reversing curve, low: 16.575, high: 16.575
Bad Curve, low: -16.575, high: -16.575
Reversing curve, low: 16.575, high: 16.575
Bad Curve, low: -16.575, high: -16.575
Reversing curve, low: 16.5751, high: 16.5751
Bad Curve, low: -16.5751, high: -16.5751
Reversing curve, low: 16.5751, high: 16.5751
Bad Curve, low: -16.5751, high: -16.5751
Reversing curve, low: 16.575, high: 16.575
Bad Curve, low: -16.575, high: -16.575
Reversing curve, low: 16.575, high: 16.575
Bad Curve, low: -16.575, high: -16.575
Reversing curve, low: 16.5751, high: 16.5751
Bad Curve, low: -16.5751, high: -16.5751
Reversing curve, low: 16.5751, high: 16.5751
Bad Curve, low: -16.5751, high: -16.5751
Reversing curve, low: 16.5751, high: 16.5751
Bad Curve, low: -16.5751, high: -16.5751
Reversing curve, low: 16.5751, high: 16.5751
Bad Curve, low: -16.5751, high: -16.5751
Reversing curve, low: 16.5751, high: 16.5751
Bad Curve, low: -16.5751, high: -16.5751
Reversing curve, low: 16.5751, high: 16.5751
Bad Curve, low: -16.5751, high: -16.5751
Reversing curve, low: 16.575, high: 16.575
Bad Curve, low: -16.575, high: -16.575
Reversing curve, low: 16.575, high: 16.575
Bad Curve, low: -16.575, high: -16.575
Reversing curve, low: 16.575, high: 16.575
Bad Curve, low: -16.575, high: -16.575
Reversing curve, low: 16.575, high: 16.575
Bad Curve, low: -16.575, high: -16.575
Reversing curve, low: 16.575, high: 16.575
Bad Curve, low: -16.575, high: -16.575
Reversing curve, low: 16.575, high: 16.575
Bad Curve, low: -16.575, high: -16.575
Reversing curve, low: 0, high: 0
Bad Curve, low: -6.63975e-006, high: -6.63975e-006
Reversing curve, low: 0, high: 0
Bad Curve, low: -6.63845e-006, high: -6.63845e-006
Reversing curve, low: 0, high: 0
Bad Curve, low: -6.63975e-006, high: -6.63975e-006
Reversing curve, low: 0, high: 0
Bad Curve, low: -6.63845e-006, high: -6.63845e-006
Reversing curve, low: 0, high: 0
Bad Curve, low: -6.63845e-006, high: -6.63845e-006
Reversing curve, low: 0, high: 0
Bad Curve, low: -6.63975e-006, high: -6.63975e-006
Reversing curve, low: 0, high: 0
Bad Curve, low: -6.63975e-006, high: -6.63975e-006
Reversing curve, low: 0, high: 0
Bad Curve, low: -6.63845e-006, high: -6.63845e-006
Reversing curve, low: 0, high: 0
Bad Curve, low: -6.63845e-006, high: -6.63845e-006
Reversing curve, low: 0, high: 0
Bad Curve, low: -6.63845e-006, high: -6.63845e-006
Reversing curve, low: 0, high: 0
Bad Curve, low: -6.63975e-006, high: -6.63975e-006
Reversing curve, low: 0, high: 0
Bad Curve, low: -6.63975e-006, high: -6.63975e-006
Reversing curve, low: 0, high: 0
Bad Curve, low: -6.63845e-006, high: -6.63845e-006
Reversing curve, low: 0, high: 0
Bad Curve, low: -6.63975e-006, high: -6.63975e-006
Reversing curve, low: 0, high: 0
Bad Curve, low: -6.63975e-006, high: -6.63975e-006
Reversing curve, low: 0, high: 0
Bad Curve, low: -6.63845e-006, high: -6.63845e-006
Reversing curve, low: 0, high: 0
Bad Curve, low: -6.63845e-006, high: -6.63845e-006
Reversing curve, low: 0, high: 0
Bad Curve, low: -6.63975e-006, high: -6.63975e-006
Reversing curve, low: 0, high: 0
Bad Curve, low: -6.63975e-006, high: -6.63975e-006
Reversing curve, low: 16.575, high: 16.575
Bad Curve, low: -16.575, high: -16.575
Reversing curve, low: 0, high: 0
Bad Curve, low: -6.63975e-006, high: -6.63975e-006
Reversing curve, low: 16.575, high: 16.575
Bad Curve, low: -16.575, high: -16.575
Reversing curve, low: 16.575, high: 16.575
Bad Curve, low: -16.575, high: -16.575
Reversing curve, low: 0, high: 0
Bad Curve, low: -6.63845e-006, high: -6.63845e-006
Reversing curve, low: 16.575, high: 16.575
Bad Curve, low: -16.575, high: -16.575
Reversing curve, low: 0, high: 0
Bad Curve, low: -6.63845e-006, high: -6.63845e-006
Reversing curve, low: 16.575, high: 16.575
Bad Curve, low: -16.575, high: -16.575
Reversing curve, low: 16.575, high: 16.575
Bad Curve, low: -16.575, high: -16.575
Reversing curve, low: 0, high: 0
Bad Curve, low: -6.63845e-006, high: -6.63845e-006
Reversing curve, low: 16.575, high: 16.575
Bad Curve, low: -16.575, high: -16.575
Reversing curve, low: 0, high: 0
Bad Curve, low: -6.63845e-006, high: -6.63845e-006
Reversing curve, low: 16.575, high: 16.575
Bad Curve, low: -16.575, high: -16.575
Reversing curve, low: 0, high: 0
Bad Curve, low: -6.63975e-006, high: -6.63975e-006
Reversing curve, low: 16.575, high: 16.575
Bad Curve, low: -16.575, high: -16.575
Reversing curve, low: 0, high: 0
Bad Curve, low: -6.63975e-006, high: -6.63975e-006
Reversing curve, low: 16.575, high: 16.575
Bad Curve, low: -16.575, high: -16.575
Surfaces successfully processed into a solid body.
STEP-in completed.Surfaces successfully processed into a solid body.
STEP-in completed.Surfaces successfully processed into a solid body.
STEP-in completed.
Error: Unable to create solid from trimmed surfaces.
STEP-in did not complete successfully.
Surfaces successfully processed into a solid body.
STEP-in completed.Surfaces successfully processed into a solid body.
STEP-in completed.Surfaces successfully processed into a solid body.
STEP-in completed.Surfaces successfully processed into a solid body.
STEP-in completed.Surfaces successfully processed into a solid body.
STEP-in completed.Surfaces successfully processed into a solid body.
STEP-in completed.Surfaces successfully processed into a solid body.
STEP-in completed.Surfaces successfully processed into a solid body.
STEP-in completed.Surfaces successfully processed into a solid body.
STEP-in completed.Surfaces successfully processed into a solid body.
STEP-in completed.Surfaces successfully processed into a solid body.
STEP-in completed.Surfaces successfully processed into a solid body.
STEP-in completed.Surfaces successfully processed into a solid body.
STEP-in completed.Surfaces successfully processed into a solid body.
STEP-in completed.Surfaces successfully processed into a solid body.
STEP-in completed.Surfaces successfully processed into a solid body.
STEP-in completed.Surfaces successfully processed into a solid body.
STEP-in completed.Surfaces successfully processed into a solid body.
STEP-in completed.Surfaces successfully processed into a solid body.
STEP-in completed.Surfaces successfully processed into a solid body.
STEP-in completed.Surfaces successfully processed into a solid body.
STEP-in completed.Surfaces successfully processed into a solid body.
STEP-in completed.Surfaces successfully processed into a solid body.
STEP-in completed.Surfaces successfully processed into a solid body.
STEP-in completed.Surfaces successfully processed into a solid body.
STEP-in completed.Surfaces successfully processed into a solid body.
STEP-in completed.Surfaces successfully processed into a solid body.
STEP-in completed.Surfaces successfully processed into a solid body.
STEP-in completed.Surfaces successfully processed into a solid body.
STEP-in completed.Surfaces successfully processed into a solid body.
STEP-in completed.Surfaces successfully processed into a solid body.
STEP-in completed.Surfaces successfully processed into a solid body.
STEP-in completed.Surfaces successfully processed into a solid body.
STEP-in completed.Surfaces successfully processed into a solid body.
STEP-in completed.Surfaces successfully processed into a solid body.
STEP-in completed.Surfaces successfully processed into a solid body.
STEP-in completed.